Using pre-set license

 COMMAND LINE ARGUMENTS:
/Applications/Unity/Hub/Editor/2020.3.7f1/Unity.app/Contents/MacOS/Unity
-adb2
-batchMode
-noUpm
-name
AssetImportWorker0
-projectPath
/Users/mr13/Desktop/LJP_UNITY/photon2_Dice
-logFile
Logs/AssetImportWorker0.log
-srvPort
50459
Successfully changed project path to: /Users/mr13/Desktop/LJP_UNITY/photon2_Dice
/Users/mr13/Desktop/LJP_UNITY/photon2_Dice
Using Asset Import Pipeline V2.
Refreshing native plugins compatible for Editor in 25.90 ms, found 1 plugins.
Preloading 0 native plugins for Editor in 0.00 ms.
Initialize engine version: 2020.3.7f1 (dd97f2c94397)
[Subsystems] Discovering subsystems at path /Applications/Unity/Hub/Editor/2020.3.7f1/Unity.app/Contents/Resources/UnitySubsystems
[Subsystems] Discovering subsystems at path /Users/mr13/Desktop/LJP_UNITY/photon2_Dice/Assets
GfxDevice: creating device client; threaded=0
2021-07-01 10:22:42.654 Unity[2143:104086] LG UltraFine preferred device: AMD Radeon Pro W5700X (high power)
2021-07-01 10:22:42.654 Unity[2143:104086] Metal devices available: 1
2021-07-01 10:22:42.654 Unity[2143:104086] 0: AMD Radeon Pro W5700X (high power)
2021-07-01 10:22:42.655 Unity[2143:104086] Using device AMD Radeon Pro W5700X (high power)
Initializing Metal device caps: AMD Radeon Pro W5700X
Initialize mono
Mono path[0] = '/Applications/Unity/Hub/Editor/2020.3.7f1/Unity.app/Contents/Managed'
Mono path[1] = '/Applications/Unity/Hub/Editor/2020.3.7f1/Unity.app/Contents/MonoBleedingEdge/lib/mono/unityjit'
Mono config path = '/Applications/Unity/Hub/Editor/2020.3.7f1/Unity.app/Contents/MonoBleedingEdge/etc'
Using monoOptions --debugger-agent=transport=dt_socket,embedding=1,server=y,suspend=n,address=127.0.0.1:56143
Begin MonoManager ReloadAssembly
Registering precompiled unity dll's ...
Register platform support module: /Applications/Unity/Hub/Editor/2020.3.7f1/Unity.app/Contents/PlaybackEngines/MacStandaloneSupport/UnityEditor.OSXStandalone.Extensions.dll
Registered in 0.000533 seconds.
Native extension for OSXStandalone target not found
Refreshing native plugins compatible for Editor in 25.25 ms, found 1 plugins.
Preloading 0 native plugins for Editor in 0.00 ms.
Mono: successfully reloaded assembly
- Completed reload, in  2.605 seconds
Platform modules already initialized, skipping
Registering precompiled user dll's ...
Registered in 0.001042 seconds.
Begin MonoManager ReloadAssembly
Symbol file LoadedFromMemory doesn't match image /Users/mr13/Desktop/LJP_UNITY/photon2_Dice/Assets/Photon/PhotonLibs/netstandard2.0/Photon3Unity3D.dll
Native extension for OSXStandalone target not found
Refreshing native plugins compatible for Editor in 0.37 ms, found 1 plugins.
Preloading 0 native plugins for Editor in 0.00 ms.
Mono: successfully reloaded assembly
- Completed reload, in  0.964 seconds
Platform modules already initialized, skipping
========================================================================
Worker process is ready to serve import requests
Launching external process: /Applications/Unity/Hub/Editor/2020.3.7f1/Unity.app/Contents/Tools/UnityShaderCompiler
Launched and connected shader compiler UnityShaderCompiler after 0.01 seconds
Refreshing native plugins compatible for Editor in 0.34 ms, found 1 plugins.
Preloading 0 native plugins for Editor in 0.00 ms.
Unloading 1342 Unused Serialized files (Serialized files now loaded: 0)
System memory in use before: 128.2 MB.
System memory in use after: 128.3 MB.

Unloading 16 unused Assets to reduce memory usage. Loaded Objects now: 1782.
Total: 2.449660 ms (FindLiveObjects: 0.203733 ms CreateObjectMapping: 0.040533 ms MarkObjects: 2.113382 ms  DeleteObjects: 0.091097 ms)

========================================================================
Received Import Request.
  path: Assets/Dice/scenes/Demo/AppDemo.cs
  artifactKey: Guid(9135094fc6c7e6a45a50701938aa66a9) Importer(815301076,1909f56bfc062723c751e8b465ee728b)
Start importing Assets/Dice/scenes/Demo/AppDemo.cs using Guid(9135094fc6c7e6a45a50701938aa66a9) Importer(815301076,1909f56bfc062723c751e8b465ee728b)  -> (artifact id: '6220fce9406cf7b4196438fcd67e7fe2') in 0.347658 seconds
  Import took 0.350606 seconds .

========================================================================
Received Import Request.
  Time since last request: 3.643715 seconds.
  path: Assets/Scenes/SampleScene.unity
  artifactKey: Guid(9fc0d4010bbf28b4594072e72b8655ab) Importer(815301076,1909f56bfc062723c751e8b465ee728b)
Start importing Assets/Scenes/SampleScene.unity using Guid(9fc0d4010bbf28b4594072e72b8655ab) Importer(815301076,1909f56bfc062723c751e8b465ee728b)  -> (artifact id: '480de4d591a45c9a5ed5c44336cceb75') in 0.009415 seconds
  Import took 0.012062 seconds .

========================================================================
Received Prepare
Registering precompiled user dll's ...
Registered in 0.000948 seconds.
Begin MonoManager ReloadAssembly
Symbol file LoadedFromMemory doesn't match image /Users/mr13/Desktop/LJP_UNITY/photon2_Dice/Assets/Photon/PhotonLibs/netstandard2.0/Photon3Unity3D.dll
Native extension for OSXStandalone target not found
Refreshing native plugins compatible for Editor in 0.36 ms, found 1 plugins.
Preloading 0 native plugins for Editor in 0.00 ms.
Mono: successfully reloaded assembly
- Completed reload, in  0.913 seconds
Platform modules already initialized, skipping
Refreshing native plugins compatible for Editor in 0.37 ms, found 1 plugins.
Preloading 0 native plugins for Editor in 0.00 ms.
Unloading 1336 Unused Serialized files (Serialized files now loaded: 0)
System memory in use before: 132.5 MB.
System memory in use after: 132.5 MB.

Unloading 10 unused Assets to reduce memory usage. Loaded Objects now: 1786.
Total: 2.033591 ms (FindLiveObjects: 0.201460 ms CreateObjectMapping: 0.033335 ms MarkObjects: 1.740184 ms  DeleteObjects: 0.057883 ms)

========================================================================
Received Import Request.
  Time since last request: 539.250134 seconds.
  path: Assets/Dice/Resources/Materials/general/dice-material.physicMaterial
  artifactKey: Guid(ebbf393b19c307d4e896d9ce6f61c4fe) Importer(815301076,1909f56bfc062723c751e8b465ee728b)
Start importing Assets/Dice/Resources/Materials/general/dice-material.physicMaterial using Guid(ebbf393b19c307d4e896d9ce6f61c4fe) Importer(815301076,1909f56bfc062723c751e8b465ee728b)  -> (artifact id: '95e60bd05e3a0491fd1d5639d98f55db') in 0.725317 seconds
  Import took 0.727833 seconds .

========================================================================
Received Import Request.
  Time since last request: 281.316347 seconds.
  path: Assets/Materials
  artifactKey: Guid(22ddbe35058e248938ab71c45f4ff517) Importer(815301076,1909f56bfc062723c751e8b465ee728b)
Start importing Assets/Materials using Guid(22ddbe35058e248938ab71c45f4ff517) Importer(815301076,1909f56bfc062723c751e8b465ee728b)  -> (artifact id: '591ac6d628b06ddfe9456c8d9aee0d18') in 0.001364 seconds
  Import took 0.003687 seconds .

========================================================================
Received Import Request.
  Time since last request: 757.763110 seconds.
  path: Assets/Photon
  artifactKey: Guid(98951132346795f438babe7a3183da43) Importer(815301076,1909f56bfc062723c751e8b465ee728b)
Start importing Assets/Photon using Guid(98951132346795f438babe7a3183da43) Importer(815301076,1909f56bfc062723c751e8b465ee728b)  -> (artifact id: 'e96cd13b343d04abd81d5246be8f1661') in 0.001051 seconds
  Import took 0.003883 seconds .

========================================================================
Received Import Request.
  Time since last request: 7.589420 seconds.
  path: Assets/Scenes/charcter 복사본.png
  artifactKey: Guid(a71288ded446f441fbe763e0a5089553) Importer(815301076,1909f56bfc062723c751e8b465ee728b)
Start importing Assets/Scenes/charcter 복사본.png using Guid(a71288ded446f441fbe763e0a5089553) Importer(815301076,1909f56bfc062723c751e8b465ee728b)  -> (artifact id: '37a1c4eb07b5736e8e847b03a390eea4') in 0.839666 seconds
  Import took 0.842262 seconds .

========================================================================
Received Import Request.
  Time since last request: 17.066015 seconds.
  path: Assets/Materials/BlackSmithNPC 복사본.png
  artifactKey: Guid(ab734b750a605421aa6c13e0f4a084ea) Importer(815301076,1909f56bfc062723c751e8b465ee728b)
Start importing Assets/Materials/BlackSmithNPC 복사본.png using Guid(ab734b750a605421aa6c13e0f4a084ea) Importer(815301076,1909f56bfc062723c751e8b465ee728b)  -> (artifact id: '9257d60710f32286dba2e15c8bdfd9a1') in 0.006908 seconds
  Import took 0.009564 seconds .

========================================================================
Received Import Request.
  Time since last request: 76.320074 seconds.
  path: Assets/Materials/BlackSmithNPC 복사본.png
  artifactKey: Guid(ab734b750a605421aa6c13e0f4a084ea) Importer(815301076,1909f56bfc062723c751e8b465ee728b)
Start importing Assets/Materials/BlackSmithNPC 복사본.png using Guid(ab734b750a605421aa6c13e0f4a084ea) Importer(815301076,1909f56bfc062723c751e8b465ee728b)  -> (artifact id: '79ad1ae83c0e4119c7217091f0e0c215') in 0.043062 seconds
  Import took 0.045760 seconds .

========================================================================
Received Import Request.
  Time since last request: 0.207587 seconds.
  path: Assets/Materials/charcter 복사본.png
  artifactKey: Guid(a71288ded446f441fbe763e0a5089553) Importer(815301076,1909f56bfc062723c751e8b465ee728b)
Start importing Assets/Materials/charcter 복사본.png using Guid(a71288ded446f441fbe763e0a5089553) Importer(815301076,1909f56bfc062723c751e8b465ee728b)  -> (artifact id: '21a5ce4949ac2f5435013cb1258c0960') in 0.009469 seconds
  Import took 0.012051 seconds .

========================================================================
Received Import Request.
  Time since last request: 0.000641 seconds.
  path: Assets/Materials/charcter 복사본.png
  artifactKey: Guid(a71288ded446f441fbe763e0a5089553) Importer(815301076,1909f56bfc062723c751e8b465ee728b)
Start importing Assets/Materials/charcter 복사본.png using Guid(a71288ded446f441fbe763e0a5089553) Importer(815301076,1909f56bfc062723c751e8b465ee728b)  -> (artifact id: '21a5ce4949ac2f5435013cb1258c0960') in 0.007884 seconds
  Import took 0.010191 seconds .

========================================================================
Received Prepare
Registering precompiled user dll's ...
Registered in 0.000928 seconds.
Begin MonoManager ReloadAssembly
Symbol file LoadedFromMemory doesn't match image /Users/mr13/Desktop/LJP_UNITY/photon2_Dice/Assets/Photon/PhotonLibs/netstandard2.0/Photon3Unity3D.dll
Native extension for OSXStandalone target not found
Refreshing native plugins compatible for Editor in 0.35 ms, found 1 plugins.
Preloading 0 native plugins for Editor in 0.00 ms.
Mono: successfully reloaded assembly
- Completed reload, in  0.871 seconds
Platform modules already initialized, skipping
Refreshing native plugins compatible for Editor in 0.30 ms, found 1 plugins.
Preloading 0 native plugins for Editor in 0.00 ms.
Unloading 1336 Unused Serialized files (Serialized files now loaded: 0)
System memory in use before: 144.6 MB.
System memory in use after: 144.7 MB.

Unloading 10 unused Assets to reduce memory usage. Loaded Objects now: 1799.
Total: 2.012790 ms (FindLiveObjects: 0.189235 ms CreateObjectMapping: 0.040587 ms MarkObjects: 1.738486 ms  DeleteObjects: 0.043603 ms)

========================================================================
Received Import Request.
  Time since last request: 267.142313 seconds.
  path: Assets/Photon/PhotonUnityNetworking/Demos/Shared Assets/Skin/eurof35.ttf
  artifactKey: Guid(954746d370bc8934299c8c8267543f4f) Importer(815301076,1909f56bfc062723c751e8b465ee728b)
Start importing Assets/Photon/PhotonUnityNetworking/Demos/Shared Assets/Skin/eurof35.ttf using Guid(954746d370bc8934299c8c8267543f4f) Importer(815301076,1909f56bfc062723c751e8b465ee728b)  -> (artifact id: 'a1183671a2ad1d96a09a94efbea2dbc2') in 1.601278 seconds
  Import took 1.604124 seconds .

========================================================================
Received Import Request.
  Time since last request: 0.000279 seconds.
  path: Assets/Photon/PhotonUnityNetworking/Demos/Shared Assets/Skin/Orbitron Black.ttf
  artifactKey: Guid(495c9e2a934bcc640a8d7427b13cb680) Importer(815301076,1909f56bfc062723c751e8b465ee728b)
Start importing Assets/Photon/PhotonUnityNetworking/Demos/Shared Assets/Skin/Orbitron Black.ttf using Guid(495c9e2a934bcc640a8d7427b13cb680) Importer(815301076,1909f56bfc062723c751e8b465ee728b)  -> (artifact id: '3177d41fb0f0bc6cbbacb7e68cadbb63') in 0.009249 seconds
  Import took 0.012064 seconds .

========================================================================
Received Import Request.
  Time since last request: 0.000203 seconds.
  path: Assets/Photon/PhotonRealtime/Demos/DemoLoadBalancing/Jura-Medium-LB.ttf
  artifactKey: Guid(4a4df204c321f9c40b0dbfb1baaffb4c) Importer(815301076,1909f56bfc062723c751e8b465ee728b)
Start importing Assets/Photon/PhotonRealtime/Demos/DemoLoadBalancing/Jura-Medium-LB.ttf using Guid(4a4df204c321f9c40b0dbfb1baaffb4c) Importer(815301076,1909f56bfc062723c751e8b465ee728b)  -> (artifact id: '73e1899e0042d4895e9decee56efe2b8') in 0.010067 seconds
  Import took 0.012241 seconds .

========================================================================
Received Import Request.
  Time since last request: 0.000223 seconds.
  path: Assets/Photon/PhotonUnityNetworking/Demos/Shared Assets/Skin/Jura-Medium.ttf
  artifactKey: Guid(e00995507c2406448b4c8429136104dd) Importer(815301076,1909f56bfc062723c751e8b465ee728b)
Start importing Assets/Photon/PhotonUnityNetworking/Demos/Shared Assets/Skin/Jura-Medium.ttf using Guid(e00995507c2406448b4c8429136104dd) Importer(815301076,1909f56bfc062723c751e8b465ee728b)  -> (artifact id: 'acd40efc5f983b208a0c528566d30ec7') in 0.009847 seconds
  Import took 0.011963 seconds .

========================================================================
Received Import Request.
  Time since last request: 1449.036648 seconds.
  path: Assets/Photon/PhotonUnityNetworking/Demos/Shared Assets/Skin/DropDown Arrow.png
  artifactKey: Guid(936345f7fc3934efa8119a8700d904c7) Importer(815301076,1909f56bfc062723c751e8b465ee728b)
Start importing Assets/Photon/PhotonUnityNetworking/Demos/Shared Assets/Skin/DropDown Arrow.png using Guid(936345f7fc3934efa8119a8700d904c7) Importer(815301076,1909f56bfc062723c751e8b465ee728b)  -> (artifact id: '3ff650ecc708d9cb3bc0bce5430e61cf') in 0.019638 seconds
  Import took 0.022327 seconds .

========================================================================
Received Import Request.
  Time since last request: 0.000237 seconds.
  path: Assets/Photon/PhotonUnityNetworking/Demos/DemoHub/Sprites/toHub.png
  artifactKey: Guid(9587663c4d27e47b19a118aabaac4a08) Importer(815301076,1909f56bfc062723c751e8b465ee728b)
Start importing Assets/Photon/PhotonUnityNetworking/Demos/DemoHub/Sprites/toHub.png using Guid(9587663c4d27e47b19a118aabaac4a08) Importer(815301076,1909f56bfc062723c751e8b465ee728b)  -> (artifact id: '18753ec9eaa42e5dd6005e95907f69fc') in 0.008680 seconds
  Import took 0.011086 seconds .

========================================================================
Received Import Request.
  Time since last request: 0.000312 seconds.
  path: Assets/Photon/PhotonUnityNetworking/Icons/PunIconApp512.png
  artifactKey: Guid(7377013011b4c3348809ff574abe799e) Importer(815301076,1909f56bfc062723c751e8b465ee728b)
Start importing Assets/Photon/PhotonUnityNetworking/Icons/PunIconApp512.png using Guid(7377013011b4c3348809ff574abe799e) Importer(815301076,1909f56bfc062723c751e8b465ee728b)  -> (artifact id: 'eac2b4dbd93f2ad60d19db4394e92089') in 0.010476 seconds
  Import took 0.012763 seconds .

========================================================================
Received Import Request.
  Time since last request: 0.000175 seconds.
  path: Assets/Photon/PhotonUnityNetworking/Icons/PunIconApp128.png
  artifactKey: Guid(f00feafcf0675cd47a48f83ae42b06d4) Importer(815301076,1909f56bfc062723c751e8b465ee728b)
Start importing Assets/Photon/PhotonUnityNetworking/Icons/PunIconApp128.png using Guid(f00feafcf0675cd47a48f83ae42b06d4) Importer(815301076,1909f56bfc062723c751e8b465ee728b)  -> (artifact id: '9c10666774de4570d4f909f9aae3e94d') in 0.011104 seconds
  Import took 0.013260 seconds .

========================================================================
Received Import Request.
  Time since last request: 0.000259 seconds.
  path: Assets/Photon/PhotonUnityNetworking/Icons/PunIconApp32.png
  artifactKey: Guid(436c5e63723127948af8857e903f658a) Importer(815301076,1909f56bfc062723c751e8b465ee728b)
Start importing Assets/Photon/PhotonUnityNetworking/Icons/PunIconApp32.png using Guid(436c5e63723127948af8857e903f658a) Importer(815301076,1909f56bfc062723c751e8b465ee728b)  -> (artifact id: 'c81a30d121b425ca156c98b135016500') in 0.008662 seconds
  Import took 0.010832 seconds .

========================================================================
Received Import Request.
  Time since last request: 0.000157 seconds.
  path: Assets/Photon/PhotonUnityNetworking/Icons/PunIconApp48.png
  artifactKey: Guid(44ebd8e6f42cae445ab4b22f0a9b48a0) Importer(815301076,1909f56bfc062723c751e8b465ee728b)
Start importing Assets/Photon/PhotonUnityNetworking/Icons/PunIconApp48.png using Guid(44ebd8e6f42cae445ab4b22f0a9b48a0) Importer(815301076,1909f56bfc062723c751e8b465ee728b)  -> (artifact id: '0663cd177dacc24aefce2ce30827a8d1') in 0.007881 seconds
  Import took 0.010176 seconds .

========================================================================
Received Import Request.
  Time since last request: 0.000226 seconds.
  path: Assets/Photon/PhotonUnityNetworking/Demos/DemoHub/Sprites/PunIcon-White-129.png
  artifactKey: Guid(56bbc6b42271d4177ac313247f47ac1f) Importer(815301076,1909f56bfc062723c751e8b465ee728b)
Start importing Assets/Photon/PhotonUnityNetworking/Demos/DemoHub/Sprites/PunIcon-White-129.png using Guid(56bbc6b42271d4177ac313247f47ac1f) Importer(815301076,1909f56bfc062723c751e8b465ee728b)  -> (artifact id: 'c518a940718550201a2eb12e79e9f729') in 0.009433 seconds
  Import took 0.011307 seconds .

========================================================================
Received Import Request.
  Time since last request: 0.000218 seconds.
  path: Assets/Photon/PhotonUnityNetworking/Demos/DemoHub/Sprites/OutlinedSquaredBox.png
  artifactKey: Guid(c222cd02c447941edb09ecb6433229ce) Importer(815301076,1909f56bfc062723c751e8b465ee728b)
Start importing Assets/Photon/PhotonUnityNetworking/Demos/DemoHub/Sprites/OutlinedSquaredBox.png using Guid(c222cd02c447941edb09ecb6433229ce) Importer(815301076,1909f56bfc062723c751e8b465ee728b)  -> (artifact id: 'e91d5a6a7f5189c5b57e5a0cfa603252') in 0.007296 seconds
  Import took 0.009120 seconds .

========================================================================
Received Import Request.
  Time since last request: 0.000198 seconds.
  path: Assets/Photon/PhotonUnityNetworking/Demos/Shared Assets/Skin/DropDown CheckMark.png
  artifactKey: Guid(fd47c8b4ebfbd4339858d4d23f587519) Importer(815301076,1909f56bfc062723c751e8b465ee728b)
Start importing Assets/Photon/PhotonUnityNetworking/Demos/Shared Assets/Skin/DropDown CheckMark.png using Guid(fd47c8b4ebfbd4339858d4d23f587519) Importer(815301076,1909f56bfc062723c751e8b465ee728b)  -> (artifact id: '9e8bf35ddaef794a2f37fcceec67928c') in 0.007005 seconds
  Import took 0.008745 seconds .

========================================================================
Received Import Request.
  Time since last request: 0.000160 seconds.
  path: Assets/Photon/PhotonUnityNetworking/Icons/PunIcon-128.png
  artifactKey: Guid(bd293dc32f4aaf94e8274f2fac2cdf89) Importer(815301076,1909f56bfc062723c751e8b465ee728b)
Start importing Assets/Photon/PhotonUnityNetworking/Icons/PunIcon-128.png using Guid(bd293dc32f4aaf94e8274f2fac2cdf89) Importer(815301076,1909f56bfc062723c751e8b465ee728b)  -> (artifact id: '338372d481d8adec953327065624602e') in 0.010027 seconds
  Import took 0.011766 seconds .

========================================================================
Received Import Request.
  Time since last request: 0.000200 seconds.
  path: Assets/Photon/PhotonUnityNetworking/Demos/DemoHub/Sprites/Gradient.png
  artifactKey: Guid(66efb24ed46044ab8a039599cbc47d7b) Importer(815301076,1909f56bfc062723c751e8b465ee728b)
Start importing Assets/Photon/PhotonUnityNetworking/Demos/DemoHub/Sprites/Gradient.png using Guid(66efb24ed46044ab8a039599cbc47d7b) Importer(815301076,1909f56bfc062723c751e8b465ee728b)  -> (artifact id: '38d893efbe6d065752d917934ae458b2') in 0.008940 seconds
  Import took 0.010747 seconds .

========================================================================
Received Import Request.
  Time since last request: 0.000298 seconds.
  path: Assets/Photon/PhotonUnityNetworking/Demos/Shared Assets/Skin/DropDown Arrow.png
  artifactKey: Guid(936345f7fc3934efa8119a8700d904c7) Importer(815301076,1909f56bfc062723c751e8b465ee728b)
Start importing Assets/Photon/PhotonUnityNetworking/Demos/Shared Assets/Skin/DropDown Arrow.png using Guid(936345f7fc3934efa8119a8700d904c7) Importer(815301076,1909f56bfc062723c751e8b465ee728b)  -> (artifact id: '3ff650ecc708d9cb3bc0bce5430e61cf') in 0.008972 seconds
  Import took 0.010978 seconds .

========================================================================
Received Import Request.
  Time since last request: 401.553238 seconds.
  path: Assets/Scripts/NetworkManager.cs
  artifactKey: Guid(647c03fbe0bf24c9fad64b44ef613cdf) Importer(815301076,1909f56bfc062723c751e8b465ee728b)
Start importing Assets/Scripts/NetworkManager.cs using Guid(647c03fbe0bf24c9fad64b44ef613cdf) Importer(815301076,1909f56bfc062723c751e8b465ee728b)  -> (artifact id: 'b5d6e34c586d1d6955ce0d5df91b6f9e') in 0.004904 seconds
  Import took 0.007658 seconds .

========================================================================
Received Prepare
Registering precompiled user dll's ...
Registered in 0.000962 seconds.
Begin MonoManager ReloadAssembly
Symbol file LoadedFromMemory doesn't match image /Users/mr13/Desktop/LJP_UNITY/photon2_Dice/Assets/Photon/PhotonLibs/netstandard2.0/Photon3Unity3D.dll
Native extension for OSXStandalone target not found
Refreshing native plugins compatible for Editor in 0.38 ms, found 1 plugins.
Preloading 0 native plugins for Editor in 0.00 ms.
Mono: successfully reloaded assembly
- Completed reload, in  0.909 seconds
Platform modules already initialized, skipping
Refreshing native plugins compatible for Editor in 0.36 ms, found 1 plugins.
Preloading 0 native plugins for Editor in 0.00 ms.
Unloading 1337 Unused Serialized files (Serialized files now loaded: 0)
System memory in use before: 149.8 MB.
System memory in use after: 149.9 MB.

Unloading 10 unused Assets to reduce memory usage. Loaded Objects now: 1854.
Total: 2.095239 ms (FindLiveObjects: 0.210218 ms CreateObjectMapping: 0.033174 ms MarkObjects: 1.786108 ms  DeleteObjects: 0.064515 ms)

========================================================================
Received Prepare
Registering precompiled user dll's ...
Registered in 0.000894 seconds.
Begin MonoManager ReloadAssembly
Symbol file LoadedFromMemory doesn't match image /Users/mr13/Desktop/LJP_UNITY/photon2_Dice/Assets/Photon/PhotonLibs/netstandard2.0/Photon3Unity3D.dll
Native extension for OSXStandalone target not found
Refreshing native plugins compatible for Editor in 0.36 ms, found 1 plugins.
Preloading 0 native plugins for Editor in 0.00 ms.
Mono: successfully reloaded assembly
- Completed reload, in  0.862 seconds
Platform modules already initialized, skipping
Refreshing native plugins compatible for Editor in 0.29 ms, found 1 plugins.
Preloading 0 native plugins for Editor in 0.00 ms.
Unloading 1337 Unused Serialized files (Serialized files now loaded: 0)
System memory in use before: 150.0 MB.
System memory in use after: 150.1 MB.

Unloading 10 unused Assets to reduce memory usage. Loaded Objects now: 1858.
Total: 1.915428 ms (FindLiveObjects: 0.189558 ms CreateObjectMapping: 0.034794 ms MarkObjects: 1.646179 ms  DeleteObjects: 0.044012 ms)

========================================================================
Received Import Request.
  Time since last request: 42.426902 seconds.
  path: Assets/Scripts/NetworkManager.cs
  artifactKey: Guid(647c03fbe0bf24c9fad64b44ef613cdf) Importer(815301076,1909f56bfc062723c751e8b465ee728b)
Start importing Assets/Scripts/NetworkManager.cs using Guid(647c03fbe0bf24c9fad64b44ef613cdf) Importer(815301076,1909f56bfc062723c751e8b465ee728b)  -> (artifact id: 'c238471e6ba024f6ccb98fa0d8c7b394') in 0.005682 seconds
  Import took 0.008375 seconds .

========================================================================
Received Prepare
Registering precompiled user dll's ...
Registered in 0.000916 seconds.
Begin MonoManager ReloadAssembly
Symbol file LoadedFromMemory doesn't match image /Users/mr13/Desktop/LJP_UNITY/photon2_Dice/Assets/Photon/PhotonLibs/netstandard2.0/Photon3Unity3D.dll
Native extension for OSXStandalone target not found
Refreshing native plugins compatible for Editor in 0.37 ms, found 1 plugins.
Preloading 0 native plugins for Editor in 0.00 ms.
Mono: successfully reloaded assembly
- Completed reload, in  0.889 seconds
Platform modules already initialized, skipping
Refreshing native plugins compatible for Editor in 0.36 ms, found 1 plugins.
Preloading 0 native plugins for Editor in 0.00 ms.
Unloading 1337 Unused Serialized files (Serialized files now loaded: 0)
System memory in use before: 150.2 MB.
System memory in use after: 150.3 MB.

Unloading 10 unused Assets to reduce memory usage. Loaded Objects now: 1862.
Total: 2.077160 ms (FindLiveObjects: 0.206063 ms CreateObjectMapping: 0.031590 ms MarkObjects: 1.780051 ms  DeleteObjects: 0.058287 ms)

========================================================================
Received Import Request.
  Time since last request: 440.474345 seconds.
  path: Assets/Scripts/NetworkManager.cs
  artifactKey: Guid(647c03fbe0bf24c9fad64b44ef613cdf) Importer(815301076,1909f56bfc062723c751e8b465ee728b)
Start importing Assets/Scripts/NetworkManager.cs using Guid(647c03fbe0bf24c9fad64b44ef613cdf) Importer(815301076,1909f56bfc062723c751e8b465ee728b)  -> (artifact id: '2113127d606e2cf3848c51041047e977') in 0.005975 seconds
  Import took 0.008450 seconds .

========================================================================
Received Prepare
Registering precompiled user dll's ...
Registered in 0.000910 seconds.
Begin MonoManager ReloadAssembly
Symbol file LoadedFromMemory doesn't match image /Users/mr13/Desktop/LJP_UNITY/photon2_Dice/Assets/Photon/PhotonLibs/netstandard2.0/Photon3Unity3D.dll
Native extension for OSXStandalone target not found
Refreshing native plugins compatible for Editor in 0.35 ms, found 1 plugins.
Preloading 0 native plugins for Editor in 0.00 ms.
Mono: successfully reloaded assembly
- Completed reload, in  0.881 seconds
Platform modules already initialized, skipping
Refreshing native plugins compatible for Editor in 0.30 ms, found 1 plugins.
Preloading 0 native plugins for Editor in 0.00 ms.
Unloading 1337 Unused Serialized files (Serialized files now loaded: 0)
System memory in use before: 150.4 MB.
System memory in use after: 150.5 MB.

Unloading 10 unused Assets to reduce memory usage. Loaded Objects now: 1866.
Total: 1.896608 ms (FindLiveObjects: 0.189608 ms CreateObjectMapping: 0.032107 ms MarkObjects: 1.631962 ms  DeleteObjects: 0.042144 ms)

========================================================================
Received Prepare
Registering precompiled user dll's ...
Registered in 0.000925 seconds.
Begin MonoManager ReloadAssembly
Symbol file LoadedFromMemory doesn't match image /Users/mr13/Desktop/LJP_UNITY/photon2_Dice/Assets/Photon/PhotonLibs/netstandard2.0/Photon3Unity3D.dll
Native extension for OSXStandalone target not found
Refreshing native plugins compatible for Editor in 0.35 ms, found 1 plugins.
Preloading 0 native plugins for Editor in 0.00 ms.
Mono: successfully reloaded assembly
- Completed reload, in  0.895 seconds
Platform modules already initialized, skipping
Refreshing native plugins compatible for Editor in 0.34 ms, found 1 plugins.
Preloading 0 native plugins for Editor in 0.00 ms.
Unloading 1337 Unused Serialized files (Serialized files now loaded: 0)
System memory in use before: 150.6 MB.
System memory in use after: 150.7 MB.

Unloading 10 unused Assets to reduce memory usage. Loaded Objects now: 1870.
Total: 2.004250 ms (FindLiveObjects: 0.206213 ms CreateObjectMapping: 0.036465 ms MarkObjects: 1.709695 ms  DeleteObjects: 0.051116 ms)

========================================================================
Received Prepare
Registering precompiled user dll's ...
Registered in 0.000935 seconds.
Begin MonoManager ReloadAssembly
Symbol file LoadedFromMemory doesn't match image /Users/mr13/Desktop/LJP_UNITY/photon2_Dice/Assets/Photon/PhotonLibs/netstandard2.0/Photon3Unity3D.dll
Native extension for OSXStandalone target not found
Refreshing native plugins compatible for Editor in 0.36 ms, found 1 plugins.
Preloading 0 native plugins for Editor in 0.00 ms.
Mono: successfully reloaded assembly
- Completed reload, in  0.875 seconds
Platform modules already initialized, skipping
Refreshing native plugins compatible for Editor in 0.34 ms, found 1 plugins.
Preloading 0 native plugins for Editor in 0.00 ms.
Unloading 1337 Unused Serialized files (Serialized files now loaded: 0)
System memory in use before: 150.8 MB.
System memory in use after: 150.8 MB.

Unloading 10 unused Assets to reduce memory usage. Loaded Objects now: 1874.
Total: 2.111762 ms (FindLiveObjects: 0.204050 ms CreateObjectMapping: 0.068428 ms MarkObjects: 1.789636 ms  DeleteObjects: 0.048852 ms)

========================================================================
Received Prepare
Registering precompiled user dll's ...
Registered in 0.000980 seconds.
Begin MonoManager ReloadAssembly
Symbol file LoadedFromMemory doesn't match image /Users/mr13/Desktop/LJP_UNITY/photon2_Dice/Assets/Photon/PhotonLibs/netstandard2.0/Photon3Unity3D.dll
Native extension for OSXStandalone target not found
Refreshing native plugins compatible for Editor in 0.36 ms, found 1 plugins.
Preloading 0 native plugins for Editor in 0.00 ms.
Mono: successfully reloaded assembly
- Completed reload, in  0.900 seconds
Platform modules already initialized, skipping
Refreshing native plugins compatible for Editor in 0.35 ms, found 1 plugins.
Preloading 0 native plugins for Editor in 0.00 ms.
Unloading 1337 Unused Serialized files (Serialized files now loaded: 0)
System memory in use before: 151.0 MB.
System memory in use after: 151.0 MB.

Unloading 10 unused Assets to reduce memory usage. Loaded Objects now: 1878.
Total: 2.092804 ms (FindLiveObjects: 0.211747 ms CreateObjectMapping: 0.037012 ms MarkObjects: 1.784071 ms  DeleteObjects: 0.059114 ms)

========================================================================
Received Prepare
Registering precompiled user dll's ...
Registered in 0.000931 seconds.
Begin MonoManager ReloadAssembly
Symbol file LoadedFromMemory doesn't match image /Users/mr13/Desktop/LJP_UNITY/photon2_Dice/Assets/Photon/PhotonLibs/netstandard2.0/Photon3Unity3D.dll
Native extension for OSXStandalone target not found
Refreshing native plugins compatible for Editor in 0.35 ms, found 1 plugins.
Preloading 0 native plugins for Editor in 0.00 ms.
Mono: successfully reloaded assembly
- Completed reload, in  0.877 seconds
Platform modules already initialized, skipping
Refreshing native plugins compatible for Editor in 0.32 ms, found 1 plugins.
Preloading 0 native plugins for Editor in 0.00 ms.
Unloading 1337 Unused Serialized files (Serialized files now loaded: 0)
System memory in use before: 151.2 MB.
System memory in use after: 151.2 MB.

Unloading 10 unused Assets to reduce memory usage. Loaded Objects now: 1882.
Total: 2.035059 ms (FindLiveObjects: 0.190006 ms CreateObjectMapping: 0.039461 ms MarkObjects: 1.758982 ms  DeleteObjects: 0.045709 ms)

========================================================================
Received Prepare
Registering precompiled user dll's ...
Registered in 0.001015 seconds.
Begin MonoManager ReloadAssembly
Symbol file LoadedFromMemory doesn't match image /Users/mr13/Desktop/LJP_UNITY/photon2_Dice/Assets/Photon/PhotonLibs/netstandard2.0/Photon3Unity3D.dll
Native extension for OSXStandalone target not found
Refreshing native plugins compatible for Editor in 0.37 ms, found 1 plugins.
Preloading 0 native plugins for Editor in 0.00 ms.
Mono: successfully reloaded assembly
- Completed reload, in  0.907 seconds
Platform modules already initialized, skipping
Refreshing native plugins compatible for Editor in 0.34 ms, found 1 plugins.
Preloading 0 native plugins for Editor in 0.00 ms.
Unloading 1337 Unused Serialized files (Serialized files now loaded: 0)
System memory in use before: 151.4 MB.
System memory in use after: 151.4 MB.

Unloading 10 unused Assets to reduce memory usage. Loaded Objects now: 1886.
Total: 2.151466 ms (FindLiveObjects: 0.222474 ms CreateObjectMapping: 0.083614 ms MarkObjects: 1.792734 ms  DeleteObjects: 0.051379 ms)

========================================================================
Received Prepare
Registering precompiled user dll's ...
Registered in 0.000939 seconds.
Begin MonoManager ReloadAssembly
Symbol file LoadedFromMemory doesn't match image /Users/mr13/Desktop/LJP_UNITY/photon2_Dice/Assets/Photon/PhotonLibs/netstandard2.0/Photon3Unity3D.dll
Native extension for OSXStandalone target not found
Refreshing native plugins compatible for Editor in 0.42 ms, found 1 plugins.
Preloading 0 native plugins for Editor in 0.00 ms.
Mono: successfully reloaded assembly
- Completed reload, in  0.887 seconds
Platform modules already initialized, skipping
Refreshing native plugins compatible for Editor in 0.35 ms, found 1 plugins.
Preloading 0 native plugins for Editor in 0.00 ms.
Unloading 1337 Unused Serialized files (Serialized files now loaded: 0)
System memory in use before: 151.5 MB.
System memory in use after: 151.6 MB.

Unloading 10 unused Assets to reduce memory usage. Loaded Objects now: 1890.
Total: 2.117240 ms (FindLiveObjects: 0.225192 ms CreateObjectMapping: 0.058518 ms MarkObjects: 1.779617 ms  DeleteObjects: 0.052936 ms)

========================================================================
Received Import Request.
  Time since last request: 1224.795300 seconds.
  path: Assets/Scripts/DiceScript.cs
  artifactKey: Guid(fb0945b3978a144ebaadc6f7ea5c36fd) Importer(815301076,1909f56bfc062723c751e8b465ee728b)
Start importing Assets/Scripts/DiceScript.cs using Guid(fb0945b3978a144ebaadc6f7ea5c36fd) Importer(815301076,1909f56bfc062723c751e8b465ee728b)  -> (artifact id: 'd8672f556c2033d9b235e353ec3a79f0') in 0.007272 seconds
  Import took 0.009997 seconds .

========================================================================
Received Prepare
Registering precompiled user dll's ...
Registered in 0.000876 seconds.
Begin MonoManager ReloadAssembly
Symbol file LoadedFromMemory doesn't match image /Users/mr13/Desktop/LJP_UNITY/photon2_Dice/Assets/Photon/PhotonLibs/netstandard2.0/Photon3Unity3D.dll
Native extension for OSXStandalone target not found
Refreshing native plugins compatible for Editor in 0.36 ms, found 1 plugins.
Preloading 0 native plugins for Editor in 0.00 ms.
Mono: successfully reloaded assembly
- Completed reload, in  0.878 seconds
Platform modules already initialized, skipping
Refreshing native plugins compatible for Editor in 0.31 ms, found 1 plugins.
Preloading 0 native plugins for Editor in 0.00 ms.
Unloading 1338 Unused Serialized files (Serialized files now loaded: 0)
System memory in use before: 151.7 MB.
System memory in use after: 151.8 MB.

Unloading 10 unused Assets to reduce memory usage. Loaded Objects now: 1895.
Total: 1.964064 ms (FindLiveObjects: 0.194492 ms CreateObjectMapping: 0.039491 ms MarkObjects: 1.684436 ms  DeleteObjects: 0.044563 ms)

========================================================================
Received Prepare
Registering precompiled user dll's ...
Registered in 0.000907 seconds.
Begin MonoManager ReloadAssembly
Symbol file LoadedFromMemory doesn't match image /Users/mr13/Desktop/LJP_UNITY/photon2_Dice/Assets/Photon/PhotonLibs/netstandard2.0/Photon3Unity3D.dll
Native extension for OSXStandalone target not found
Refreshing native plugins compatible for Editor in 0.36 ms, found 1 plugins.
Preloading 0 native plugins for Editor in 0.00 ms.
Mono: successfully reloaded assembly
- Completed reload, in  0.873 seconds
Platform modules already initialized, skipping
Refreshing native plugins compatible for Editor in 0.30 ms, found 1 plugins.
Preloading 0 native plugins for Editor in 0.00 ms.
Unloading 1338 Unused Serialized files (Serialized files now loaded: 0)
System memory in use before: 151.9 MB.
System memory in use after: 152.0 MB.

Unloading 10 unused Assets to reduce memory usage. Loaded Objects now: 1899.
Total: 2.025487 ms (FindLiveObjects: 0.195805 ms CreateObjectMapping: 0.055321 ms MarkObjects: 1.729168 ms  DeleteObjects: 0.044300 ms)

========================================================================
Received Prepare
Registering precompiled user dll's ...
Registered in 0.000917 seconds.
Begin MonoManager ReloadAssembly
Symbol file LoadedFromMemory doesn't match image /Users/mr13/Desktop/LJP_UNITY/photon2_Dice/Assets/Photon/PhotonLibs/netstandard2.0/Photon3Unity3D.dll
Native extension for OSXStandalone target not found
Refreshing native plugins compatible for Editor in 0.36 ms, found 1 plugins.
Preloading 0 native plugins for Editor in 0.00 ms.
Mono: successfully reloaded assembly
- Completed reload, in  0.890 seconds
Platform modules already initialized, skipping
Refreshing native plugins compatible for Editor in 0.33 ms, found 1 plugins.
Preloading 0 native plugins for Editor in 0.00 ms.
Unloading 1338 Unused Serialized files (Serialized files now loaded: 0)
System memory in use before: 152.1 MB.
System memory in use after: 152.2 MB.

Unloading 10 unused Assets to reduce memory usage. Loaded Objects now: 1903.
Total: 2.071251 ms (FindLiveObjects: 0.210808 ms CreateObjectMapping: 0.037213 ms MarkObjects: 1.774379 ms  DeleteObjects: 0.047989 ms)

========================================================================
Received Prepare
Registering precompiled user dll's ...
Registered in 0.000956 seconds.
Begin MonoManager ReloadAssembly
Symbol file LoadedFromMemory doesn't match image /Users/mr13/Desktop/LJP_UNITY/photon2_Dice/Assets/Photon/PhotonLibs/netstandard2.0/Photon3Unity3D.dll
Native extension for OSXStandalone target not found
Refreshing native plugins compatible for Editor in 0.35 ms, found 1 plugins.
Preloading 0 native plugins for Editor in 0.00 ms.
Mono: successfully reloaded assembly
- Completed reload, in  0.887 seconds
Platform modules already initialized, skipping
Refreshing native plugins compatible for Editor in 0.32 ms, found 1 plugins.
Preloading 0 native plugins for Editor in 0.00 ms.
Unloading 1338 Unused Serialized files (Serialized files now loaded: 0)
System memory in use before: 152.3 MB.
System memory in use after: 152.4 MB.

Unloading 10 unused Assets to reduce memory usage. Loaded Objects now: 1907.
Total: 2.440536 ms (FindLiveObjects: 0.205535 ms CreateObjectMapping: 0.031116 ms MarkObjects: 2.150909 ms  DeleteObjects: 0.052031 ms)

========================================================================
Received Prepare
Registering precompiled user dll's ...
Registered in 0.000899 seconds.
Begin MonoManager ReloadAssembly
Symbol file LoadedFromMemory doesn't match image /Users/mr13/Desktop/LJP_UNITY/photon2_Dice/Assets/Photon/PhotonLibs/netstandard2.0/Photon3Unity3D.dll
Native extension for OSXStandalone target not found
Refreshing native plugins compatible for Editor in 0.36 ms, found 1 plugins.
Preloading 0 native plugins for Editor in 0.00 ms.
Mono: successfully reloaded assembly
- Completed reload, in  0.886 seconds
Platform modules already initialized, skipping
Refreshing native plugins compatible for Editor in 0.36 ms, found 1 plugins.
Preloading 0 native plugins for Editor in 0.00 ms.
Unloading 1338 Unused Serialized files (Serialized files now loaded: 0)
System memory in use before: 152.5 MB.
System memory in use after: 152.6 MB.

Unloading 10 unused Assets to reduce memory usage. Loaded Objects now: 1911.
Total: 2.033079 ms (FindLiveObjects: 0.196176 ms CreateObjectMapping: 0.035099 ms MarkObjects: 1.751135 ms  DeleteObjects: 0.049479 ms)

========================================================================
Received Prepare
Registering precompiled user dll's ...
Registered in 0.000921 seconds.
Begin MonoManager ReloadAssembly
Symbol file LoadedFromMemory doesn't match image /Users/mr13/Desktop/LJP_UNITY/photon2_Dice/Assets/Photon/PhotonLibs/netstandard2.0/Photon3Unity3D.dll
Native extension for OSXStandalone target not found
Refreshing native plugins compatible for Editor in 0.36 ms, found 1 plugins.
Preloading 0 native plugins for Editor in 0.00 ms.
Mono: successfully reloaded assembly
- Completed reload, in  0.886 seconds
Platform modules already initialized, skipping
Refreshing native plugins compatible for Editor in 0.34 ms, found 1 plugins.
Preloading 0 native plugins for Editor in 0.00 ms.
Unloading 1338 Unused Serialized files (Serialized files now loaded: 0)
System memory in use before: 152.7 MB.
System memory in use after: 152.8 MB.

Unloading 10 unused Assets to reduce memory usage. Loaded Objects now: 1915.
Total: 2.122967 ms (FindLiveObjects: 0.206333 ms CreateObjectMapping: 0.057664 ms MarkObjects: 1.805656 ms  DeleteObjects: 0.052294 ms)

========================================================================
Received Prepare
Registering precompiled user dll's ...
Registered in 0.000895 seconds.
Begin MonoManager ReloadAssembly
Symbol file LoadedFromMemory doesn't match image /Users/mr13/Desktop/LJP_UNITY/photon2_Dice/Assets/Photon/PhotonLibs/netstandard2.0/Photon3Unity3D.dll
Native extension for OSXStandalone target not found
Refreshing native plugins compatible for Editor in 0.38 ms, found 1 plugins.
Preloading 0 native plugins for Editor in 0.00 ms.
Mono: successfully reloaded assembly
- Completed reload, in  0.872 seconds
Platform modules already initialized, skipping
Refreshing native plugins compatible for Editor in 0.33 ms, found 1 plugins.
Preloading 0 native plugins for Editor in 0.00 ms.
Unloading 1338 Unused Serialized files (Serialized files now loaded: 0)
System memory in use before: 152.9 MB.
System memory in use after: 153.0 MB.

Unloading 10 unused Assets to reduce memory usage. Loaded Objects now: 1919.
Total: 2.029656 ms (FindLiveObjects: 0.215354 ms CreateObjectMapping: 0.034397 ms MarkObjects: 1.707195 ms  DeleteObjects: 0.071683 ms)

========================================================================
Received Prepare
Registering precompiled user dll's ...
Registered in 0.000912 seconds.
Begin MonoManager ReloadAssembly
Symbol file LoadedFromMemory doesn't match image /Users/mr13/Desktop/LJP_UNITY/photon2_Dice/Assets/Photon/PhotonLibs/netstandard2.0/Photon3Unity3D.dll
Native extension for OSXStandalone target not found
Refreshing native plugins compatible for Editor in 0.36 ms, found 1 plugins.
Preloading 0 native plugins for Editor in 0.00 ms.
Mono: successfully reloaded assembly
- Completed reload, in  0.881 seconds
Platform modules already initialized, skipping
Refreshing native plugins compatible for Editor in 0.36 ms, found 1 plugins.
Preloading 0 native plugins for Editor in 0.00 ms.
Unloading 1338 Unused Serialized files (Serialized files now loaded: 0)
System memory in use before: 153.1 MB.
System memory in use after: 153.1 MB.

Unloading 10 unused Assets to reduce memory usage. Loaded Objects now: 1923.
Total: 2.136145 ms (FindLiveObjects: 0.205617 ms CreateObjectMapping: 0.031518 ms MarkObjects: 1.839705 ms  DeleteObjects: 0.058390 ms)

========================================================================
Received Prepare
Registering precompiled user dll's ...
Registered in 0.000866 seconds.
Begin MonoManager ReloadAssembly
Symbol file LoadedFromMemory doesn't match image /Users/mr13/Desktop/LJP_UNITY/photon2_Dice/Assets/Photon/PhotonLibs/netstandard2.0/Photon3Unity3D.dll
Native extension for OSXStandalone target not found
Refreshing native plugins compatible for Editor in 0.36 ms, found 1 plugins.
Preloading 0 native plugins for Editor in 0.00 ms.
Mono: successfully reloaded assembly
- Completed reload, in  0.876 seconds
Platform modules already initialized, skipping
Refreshing native plugins compatible for Editor in 0.34 ms, found 1 plugins.
Preloading 0 native plugins for Editor in 0.00 ms.
Unloading 1338 Unused Serialized files (Serialized files now loaded: 0)
System memory in use before: 153.3 MB.
System memory in use after: 153.3 MB.

Unloading 10 unused Assets to reduce memory usage. Loaded Objects now: 1927.
Total: 2.078728 ms (FindLiveObjects: 0.200520 ms CreateObjectMapping: 0.033887 ms MarkObjects: 1.791414 ms  DeleteObjects: 0.052088 ms)

========================================================================
Received Prepare
Registering precompiled user dll's ...
Registered in 0.000982 seconds.
Begin MonoManager ReloadAssembly
Symbol file LoadedFromMemory doesn't match image /Users/mr13/Desktop/LJP_UNITY/photon2_Dice/Assets/Photon/PhotonLibs/netstandard2.0/Photon3Unity3D.dll
Native extension for OSXStandalone target not found
Refreshing native plugins compatible for Editor in 0.37 ms, found 1 plugins.
Preloading 0 native plugins for Editor in 0.00 ms.
Mono: successfully reloaded assembly
- Completed reload, in  0.911 seconds
Platform modules already initialized, skipping
Refreshing native plugins compatible for Editor in 0.35 ms, found 1 plugins.
Preloading 0 native plugins for Editor in 0.00 ms.
Unloading 1338 Unused Serialized files (Serialized files now loaded: 0)
System memory in use before: 153.5 MB.
System memory in use after: 153.5 MB.

Unloading 10 unused Assets to reduce memory usage. Loaded Objects now: 1931.
Total: 2.258971 ms (FindLiveObjects: 0.217591 ms CreateObjectMapping: 0.060941 ms MarkObjects: 1.927896 ms  DeleteObjects: 0.051580 ms)

========================================================================
Received Prepare
Registering precompiled user dll's ...
Registered in 0.000957 seconds.
Begin MonoManager ReloadAssembly
Symbol file LoadedFromMemory doesn't match image /Users/mr13/Desktop/LJP_UNITY/photon2_Dice/Assets/Photon/PhotonLibs/netstandard2.0/Photon3Unity3D.dll
Native extension for OSXStandalone target not found
Refreshing native plugins compatible for Editor in 0.36 ms, found 1 plugins.
Preloading 0 native plugins for Editor in 0.00 ms.
Mono: successfully reloaded assembly
- Completed reload, in  0.889 seconds
Platform modules already initialized, skipping
Refreshing native plugins compatible for Editor in 0.30 ms, found 1 plugins.
Preloading 0 native plugins for Editor in 0.00 ms.
Unloading 1338 Unused Serialized files (Serialized files now loaded: 0)
System memory in use before: 153.6 MB.
System memory in use after: 153.7 MB.

Unloading 10 unused Assets to reduce memory usage. Loaded Objects now: 1935.
Total: 2.054051 ms (FindLiveObjects: 0.221731 ms CreateObjectMapping: 0.061780 ms MarkObjects: 1.722851 ms  DeleteObjects: 0.046834 ms)

========================================================================
Received Prepare
Registering precompiled user dll's ...
Registered in 0.000925 seconds.
Begin MonoManager ReloadAssembly
Symbol file LoadedFromMemory doesn't match image /Users/mr13/Desktop/LJP_UNITY/photon2_Dice/Assets/Photon/PhotonLibs/netstandard2.0/Photon3Unity3D.dll
Native extension for OSXStandalone target not found
Refreshing native plugins compatible for Editor in 0.39 ms, found 1 plugins.
Preloading 0 native plugins for Editor in 0.00 ms.
Mono: successfully reloaded assembly
- Completed reload, in  0.879 seconds
Platform modules already initialized, skipping
Refreshing native plugins compatible for Editor in 0.34 ms, found 1 plugins.
Preloading 0 native plugins for Editor in 0.00 ms.
Unloading 1338 Unused Serialized files (Serialized files now loaded: 0)
System memory in use before: 153.8 MB.
System memory in use after: 153.9 MB.

Unloading 10 unused Assets to reduce memory usage. Loaded Objects now: 1939.
Total: 2.126324 ms (FindLiveObjects: 0.209500 ms CreateObjectMapping: 0.034582 ms MarkObjects: 1.824213 ms  DeleteObjects: 0.056993 ms)

========================================================================
Received Prepare
Registering precompiled user dll's ...
Registered in 0.000867 seconds.
Begin MonoManager ReloadAssembly
Symbol file LoadedFromMemory doesn't match image /Users/mr13/Desktop/LJP_UNITY/photon2_Dice/Assets/Photon/PhotonLibs/netstandard2.0/Photon3Unity3D.dll
Native extension for OSXStandalone target not found
Refreshing native plugins compatible for Editor in 0.35 ms, found 1 plugins.
Preloading 0 native plugins for Editor in 0.00 ms.
Mono: successfully reloaded assembly
- Completed reload, in  0.879 seconds
Platform modules already initialized, skipping
Refreshing native plugins compatible for Editor in 0.32 ms, found 1 plugins.
Preloading 0 native plugins for Editor in 0.00 ms.
Unloading 1338 Unused Serialized files (Serialized files now loaded: 0)
System memory in use before: 154.0 MB.
System memory in use after: 154.1 MB.

Unloading 10 unused Assets to reduce memory usage. Loaded Objects now: 1943.
Total: 2.015154 ms (FindLiveObjects: 0.196321 ms CreateObjectMapping: 0.030227 ms MarkObjects: 1.741887 ms  DeleteObjects: 0.045966 ms)

========================================================================
Received Prepare
Registering precompiled user dll's ...
Registered in 0.000920 seconds.
Begin MonoManager ReloadAssembly
Symbol file LoadedFromMemory doesn't match image /Users/mr13/Desktop/LJP_UNITY/photon2_Dice/Assets/Photon/PhotonLibs/netstandard2.0/Photon3Unity3D.dll
Native extension for OSXStandalone target not found
Refreshing native plugins compatible for Editor in 0.35 ms, found 1 plugins.
Preloading 0 native plugins for Editor in 0.00 ms.
Mono: successfully reloaded assembly
- Completed reload, in  0.875 seconds
Platform modules already initialized, skipping
Refreshing native plugins compatible for Editor in 0.30 ms, found 1 plugins.
Preloading 0 native plugins for Editor in 0.00 ms.
Unloading 1338 Unused Serialized files (Serialized files now loaded: 0)
System memory in use before: 154.2 MB.
System memory in use after: 154.3 MB.

Unloading 10 unused Assets to reduce memory usage. Loaded Objects now: 1947.
Total: 1.993845 ms (FindLiveObjects: 0.195897 ms CreateObjectMapping: 0.031067 ms MarkObjects: 1.720040 ms  DeleteObjects: 0.046011 ms)

========================================================================
Received Prepare
Registering precompiled user dll's ...
Registered in 0.000938 seconds.
Begin MonoManager ReloadAssembly
Symbol file LoadedFromMemory doesn't match image /Users/mr13/Desktop/LJP_UNITY/photon2_Dice/Assets/Photon/PhotonLibs/netstandard2.0/Photon3Unity3D.dll
Native extension for OSXStandalone target not found
Refreshing native plugins compatible for Editor in 0.36 ms, found 1 plugins.
Preloading 0 native plugins for Editor in 0.00 ms.
Mono: successfully reloaded assembly
- Completed reload, in  0.867 seconds
Platform modules already initialized, skipping
Refreshing native plugins compatible for Editor in 0.33 ms, found 1 plugins.
Preloading 0 native plugins for Editor in 0.00 ms.
Unloading 1338 Unused Serialized files (Serialized files now loaded: 0)
System memory in use before: 154.4 MB.
System memory in use after: 154.5 MB.

Unloading 10 unused Assets to reduce memory usage. Loaded Objects now: 1951.
Total: 2.051161 ms (FindLiveObjects: 0.224066 ms CreateObjectMapping: 0.052556 ms MarkObjects: 1.728531 ms  DeleteObjects: 0.045244 ms)

========================================================================
Received Import Request.
  Time since last request: 2134.941113 seconds.
  path: Assets/Scripts/PlayerScript.cs
  artifactKey: Guid(86c23725354804d2bae199b052ca360f) Importer(815301076,1909f56bfc062723c751e8b465ee728b)
Start importing Assets/Scripts/PlayerScript.cs using Guid(86c23725354804d2bae199b052ca360f) Importer(815301076,1909f56bfc062723c751e8b465ee728b)  -> (artifact id: '8c58e9561badf5661bf2e9aeaa9309b2') in 0.007191 seconds
  Import took 0.010173 seconds .

========================================================================
Received Prepare
Registering precompiled user dll's ...
Registered in 0.000887 seconds.
Begin MonoManager ReloadAssembly
Symbol file LoadedFromMemory doesn't match image /Users/mr13/Desktop/LJP_UNITY/photon2_Dice/Assets/Photon/PhotonLibs/netstandard2.0/Photon3Unity3D.dll
Native extension for OSXStandalone target not found
Refreshing native plugins compatible for Editor in 0.38 ms, found 1 plugins.
Preloading 0 native plugins for Editor in 0.00 ms.
Mono: successfully reloaded assembly
- Completed reload, in  0.907 seconds
Platform modules already initialized, skipping
Refreshing native plugins compatible for Editor in 0.34 ms, found 1 plugins.
Preloading 0 native plugins for Editor in 0.00 ms.
Unloading 1339 Unused Serialized files (Serialized files now loaded: 0)
System memory in use before: 154.6 MB.
System memory in use after: 154.7 MB.

Unloading 10 unused Assets to reduce memory usage. Loaded Objects now: 1956.
Total: 2.113414 ms (FindLiveObjects: 0.206540 ms CreateObjectMapping: 0.032113 ms MarkObjects: 1.820446 ms  DeleteObjects: 0.053296 ms)

========================================================================
Received Prepare
Registering precompiled user dll's ...
Registered in 0.000879 seconds.
Begin MonoManager ReloadAssembly
Symbol file LoadedFromMemory doesn't match image /Users/mr13/Desktop/LJP_UNITY/photon2_Dice/Assets/Photon/PhotonLibs/netstandard2.0/Photon3Unity3D.dll
Native extension for OSXStandalone target not found
Refreshing native plugins compatible for Editor in 0.36 ms, found 1 plugins.
Preloading 0 native plugins for Editor in 0.00 ms.
Mono: successfully reloaded assembly
- Completed reload, in  0.888 seconds
Platform modules already initialized, skipping
Refreshing native plugins compatible for Editor in 0.31 ms, found 1 plugins.
Preloading 0 native plugins for Editor in 0.00 ms.
Unloading 1339 Unused Serialized files (Serialized files now loaded: 0)
System memory in use before: 154.8 MB.
System memory in use after: 154.9 MB.

Unloading 10 unused Assets to reduce memory usage. Loaded Objects now: 1960.
Total: 2.104360 ms (FindLiveObjects: 0.223736 ms CreateObjectMapping: 0.052826 ms MarkObjects: 1.776785 ms  DeleteObjects: 0.050100 ms)

========================================================================
Received Import Request.
  Time since last request: 56.131390 seconds.
  path: Assets/Scripts/PlayerScript.cs
  artifactKey: Guid(86c23725354804d2bae199b052ca360f) Importer(815301076,1909f56bfc062723c751e8b465ee728b)
Start importing Assets/Scripts/PlayerScript.cs using Guid(86c23725354804d2bae199b052ca360f) Importer(815301076,1909f56bfc062723c751e8b465ee728b)  -> (artifact id: 'ccd0f3b160aa7fedab3f4499be681db1') in 0.005769 seconds
  Import took 0.008091 seconds .

========================================================================
Received Prepare
Registering precompiled user dll's ...
Registered in 0.000904 seconds.
Begin MonoManager ReloadAssembly
Symbol file LoadedFromMemory doesn't match image /Users/mr13/Desktop/LJP_UNITY/photon2_Dice/Assets/Photon/PhotonLibs/netstandard2.0/Photon3Unity3D.dll
Native extension for OSXStandalone target not found
Refreshing native plugins compatible for Editor in 0.35 ms, found 1 plugins.
Preloading 0 native plugins for Editor in 0.00 ms.
Mono: successfully reloaded assembly
- Completed reload, in  0.893 seconds
Platform modules already initialized, skipping
Refreshing native plugins compatible for Editor in 0.32 ms, found 1 plugins.
Preloading 0 native plugins for Editor in 0.00 ms.
Unloading 1339 Unused Serialized files (Serialized files now loaded: 0)
System memory in use before: 155.0 MB.
System memory in use after: 155.0 MB.

Unloading 10 unused Assets to reduce memory usage. Loaded Objects now: 1964.
Total: 2.047031 ms (FindLiveObjects: 0.203884 ms CreateObjectMapping: 0.033900 ms MarkObjects: 1.758082 ms  DeleteObjects: 0.050379 ms)

========================================================================
Received Prepare
Registering precompiled user dll's ...
Registered in 0.000944 seconds.
Begin MonoManager ReloadAssembly
Symbol file LoadedFromMemory doesn't match image /Users/mr13/Desktop/LJP_UNITY/photon2_Dice/Assets/Photon/PhotonLibs/netstandard2.0/Photon3Unity3D.dll
Native extension for OSXStandalone target not found
Refreshing native plugins compatible for Editor in 0.36 ms, found 1 plugins.
Preloading 0 native plugins for Editor in 0.00 ms.
Mono: successfully reloaded assembly
- Completed reload, in  0.887 seconds
Platform modules already initialized, skipping
Refreshing native plugins compatible for Editor in 0.34 ms, found 1 plugins.
Preloading 0 native plugins for Editor in 0.00 ms.
Unloading 1339 Unused Serialized files (Serialized files now loaded: 0)
System memory in use before: 155.2 MB.
System memory in use after: 155.2 MB.

Unloading 10 unused Assets to reduce memory usage. Loaded Objects now: 1968.
Total: 2.231240 ms (FindLiveObjects: 0.219262 ms CreateObjectMapping: 0.051218 ms MarkObjects: 1.911343 ms  DeleteObjects: 0.048640 ms)

========================================================================
Received Prepare
Registering precompiled user dll's ...
Registered in 0.000908 seconds.
Begin MonoManager ReloadAssembly
Symbol file LoadedFromMemory doesn't match image /Users/mr13/Desktop/LJP_UNITY/photon2_Dice/Assets/Photon/PhotonLibs/netstandard2.0/Photon3Unity3D.dll
Native extension for OSXStandalone target not found
Refreshing native plugins compatible for Editor in 0.35 ms, found 1 plugins.
Preloading 0 native plugins for Editor in 0.00 ms.
Mono: successfully reloaded assembly
- Completed reload, in  0.882 seconds
Platform modules already initialized, skipping
Refreshing native plugins compatible for Editor in 0.33 ms, found 1 plugins.
Preloading 0 native plugins for Editor in 0.00 ms.
Unloading 1339 Unused Serialized files (Serialized files now loaded: 0)
System memory in use before: 155.3 MB.
System memory in use after: 155.4 MB.

Unloading 10 unused Assets to reduce memory usage. Loaded Objects now: 1972.
Total: 2.105287 ms (FindLiveObjects: 0.204779 ms CreateObjectMapping: 0.034489 ms MarkObjects: 1.815665 ms  DeleteObjects: 0.049522 ms)

========================================================================
Received Prepare
Registering precompiled user dll's ...
Registered in 0.000935 seconds.
Begin MonoManager ReloadAssembly
Symbol file LoadedFromMemory doesn't match image /Users/mr13/Desktop/LJP_UNITY/photon2_Dice/Assets/Photon/PhotonLibs/netstandard2.0/Photon3Unity3D.dll
Native extension for OSXStandalone target not found
Refreshing native plugins compatible for Editor in 0.36 ms, found 1 plugins.
Preloading 0 native plugins for Editor in 0.00 ms.
Mono: successfully reloaded assembly
- Completed reload, in  0.885 seconds
Platform modules already initialized, skipping
Refreshing native plugins compatible for Editor in 0.34 ms, found 1 plugins.
Preloading 0 native plugins for Editor in 0.00 ms.
Unloading 1339 Unused Serialized files (Serialized files now loaded: 0)
System memory in use before: 155.5 MB.
System memory in use after: 155.6 MB.

Unloading 10 unused Assets to reduce memory usage. Loaded Objects now: 1976.
Total: 2.148244 ms (FindLiveObjects: 0.200191 ms CreateObjectMapping: 0.035624 ms MarkObjects: 1.860819 ms  DeleteObjects: 0.050736 ms)

========================================================================
Received Prepare
Registering precompiled user dll's ...
Registered in 0.000946 seconds.
Begin MonoManager ReloadAssembly
Symbol file LoadedFromMemory doesn't match image /Users/mr13/Desktop/LJP_UNITY/photon2_Dice/Assets/Photon/PhotonLibs/netstandard2.0/Photon3Unity3D.dll
Native extension for OSXStandalone target not found
Refreshing native plugins compatible for Editor in 0.37 ms, found 1 plugins.
Preloading 0 native plugins for Editor in 0.00 ms.
Mono: successfully reloaded assembly
- Completed reload, in  0.879 seconds
Platform modules already initialized, skipping
Refreshing native plugins compatible for Editor in 0.32 ms, found 1 plugins.
Preloading 0 native plugins for Editor in 0.00 ms.
Unloading 1339 Unused Serialized files (Serialized files now loaded: 0)
System memory in use before: 155.7 MB.
System memory in use after: 155.8 MB.

Unloading 10 unused Assets to reduce memory usage. Loaded Objects now: 1980.
Total: 2.092723 ms (FindLiveObjects: 0.206863 ms CreateObjectMapping: 0.032136 ms MarkObjects: 1.806939 ms  DeleteObjects: 0.046062 ms)

========================================================================
Received Prepare
Registering precompiled user dll's ...
Registered in 0.000918 seconds.
Begin MonoManager ReloadAssembly
Symbol file LoadedFromMemory doesn't match image /Users/mr13/Desktop/LJP_UNITY/photon2_Dice/Assets/Photon/PhotonLibs/netstandard2.0/Photon3Unity3D.dll
Native extension for OSXStandalone target not found
Refreshing native plugins compatible for Editor in 0.36 ms, found 1 plugins.
Preloading 0 native plugins for Editor in 0.00 ms.
Mono: successfully reloaded assembly
- Completed reload, in  0.892 seconds
Platform modules already initialized, skipping
Refreshing native plugins compatible for Editor in 0.35 ms, found 1 plugins.
Preloading 0 native plugins for Editor in 0.00 ms.
Unloading 1340 Unused Serialized files (Serialized files now loaded: 0)
System memory in use before: 156.0 MB.
System memory in use after: 156.0 MB.

Unloading 10 unused Assets to reduce memory usage. Loaded Objects now: 1985.
Total: 2.189771 ms (FindLiveObjects: 0.225210 ms CreateObjectMapping: 0.034668 ms MarkObjects: 1.867069 ms  DeleteObjects: 0.061047 ms)

========================================================================
Received Prepare
Registering precompiled user dll's ...
Registered in 0.000957 seconds.
Begin MonoManager ReloadAssembly
Symbol file LoadedFromMemory doesn't match image /Users/mr13/Desktop/LJP_UNITY/photon2_Dice/Assets/Photon/PhotonLibs/netstandard2.0/Photon3Unity3D.dll
Native extension for OSXStandalone target not found
Refreshing native plugins compatible for Editor in 0.35 ms, found 1 plugins.
Preloading 0 native plugins for Editor in 0.00 ms.
Mono: successfully reloaded assembly
- Completed reload, in  0.878 seconds
Platform modules already initialized, skipping
Refreshing native plugins compatible for Editor in 0.33 ms, found 1 plugins.
Preloading 0 native plugins for Editor in 0.00 ms.
Unloading 1340 Unused Serialized files (Serialized files now loaded: 0)
System memory in use before: 156.2 MB.
System memory in use after: 156.2 MB.

Unloading 10 unused Assets to reduce memory usage. Loaded Objects now: 1989.
Total: 2.133956 ms (FindLiveObjects: 0.205057 ms CreateObjectMapping: 0.034244 ms MarkObjects: 1.843786 ms  DeleteObjects: 0.050043 ms)

========================================================================
Received Prepare
Registering precompiled user dll's ...
Registered in 0.000871 seconds.
Begin MonoManager ReloadAssembly
Symbol file LoadedFromMemory doesn't match image /Users/mr13/Desktop/LJP_UNITY/photon2_Dice/Assets/Photon/PhotonLibs/netstandard2.0/Photon3Unity3D.dll
Native extension for OSXStandalone target not found
Refreshing native plugins compatible for Editor in 0.35 ms, found 1 plugins.
Preloading 0 native plugins for Editor in 0.00 ms.
Mono: successfully reloaded assembly
- Completed reload, in  0.886 seconds
Platform modules already initialized, skipping
Refreshing native plugins compatible for Editor in 0.30 ms, found 1 plugins.
Preloading 0 native plugins for Editor in 0.00 ms.
Unloading 1340 Unused Serialized files (Serialized files now loaded: 0)
System memory in use before: 156.3 MB.
System memory in use after: 156.4 MB.

Unloading 10 unused Assets to reduce memory usage. Loaded Objects now: 1993.
Total: 2.186285 ms (FindLiveObjects: 0.222513 ms CreateObjectMapping: 0.060622 ms MarkObjects: 1.854774 ms  DeleteObjects: 0.047355 ms)

========================================================================
Received Prepare
Registering precompiled user dll's ...
Registered in 0.000926 seconds.
Begin MonoManager ReloadAssembly
Symbol file LoadedFromMemory doesn't match image /Users/mr13/Desktop/LJP_UNITY/photon2_Dice/Assets/Photon/PhotonLibs/netstandard2.0/Photon3Unity3D.dll
Native extension for OSXStandalone target not found
Refreshing native plugins compatible for Editor in 0.35 ms, found 1 plugins.
Preloading 0 native plugins for Editor in 0.00 ms.
Mono: successfully reloaded assembly
- Completed reload, in  0.869 seconds
Platform modules already initialized, skipping
Refreshing native plugins compatible for Editor in 0.32 ms, found 1 plugins.
Preloading 0 native plugins for Editor in 0.00 ms.
Unloading 1340 Unused Serialized files (Serialized files now loaded: 0)
System memory in use before: 156.5 MB.
System memory in use after: 156.6 MB.

Unloading 10 unused Assets to reduce memory usage. Loaded Objects now: 1997.
Total: 2.058306 ms (FindLiveObjects: 0.207198 ms CreateObjectMapping: 0.036828 ms MarkObjects: 1.765994 ms  DeleteObjects: 0.047567 ms)

========================================================================
Received Prepare
Registering precompiled user dll's ...
Registered in 0.000912 seconds.
Begin MonoManager ReloadAssembly
Symbol file LoadedFromMemory doesn't match image /Users/mr13/Desktop/LJP_UNITY/photon2_Dice/Assets/Photon/PhotonLibs/netstandard2.0/Photon3Unity3D.dll
Native extension for OSXStandalone target not found
Refreshing native plugins compatible for Editor in 0.37 ms, found 1 plugins.
Preloading 0 native plugins for Editor in 0.00 ms.
Mono: successfully reloaded assembly
- Completed reload, in  0.869 seconds
Platform modules already initialized, skipping
Refreshing native plugins compatible for Editor in 0.36 ms, found 1 plugins.
Preloading 0 native plugins for Editor in 0.00 ms.
Unloading 1340 Unused Serialized files (Serialized files now loaded: 0)
System memory in use before: 156.8 MB.
System memory in use after: 156.8 MB.

Unloading 10 unused Assets to reduce memory usage. Loaded Objects now: 2001.
Total: 2.190286 ms (FindLiveObjects: 0.220024 ms CreateObjectMapping: 0.037225 ms MarkObjects: 1.874043 ms  DeleteObjects: 0.058037 ms)

========================================================================
Received Prepare
Registering precompiled user dll's ...
Registered in 0.000925 seconds.
Begin MonoManager ReloadAssembly
Symbol file LoadedFromMemory doesn't match image /Users/mr13/Desktop/LJP_UNITY/photon2_Dice/Assets/Photon/PhotonLibs/netstandard2.0/Photon3Unity3D.dll
Native extension for OSXStandalone target not found
Refreshing native plugins compatible for Editor in 0.35 ms, found 1 plugins.
Preloading 0 native plugins for Editor in 0.00 ms.
Mono: successfully reloaded assembly
- Completed reload, in  0.892 seconds
Platform modules already initialized, skipping
Refreshing native plugins compatible for Editor in 0.34 ms, found 1 plugins.
Preloading 0 native plugins for Editor in 0.00 ms.
Unloading 1340 Unused Serialized files (Serialized files now loaded: 0)
System memory in use before: 156.9 MB.
System memory in use after: 157.0 MB.

Unloading 10 unused Assets to reduce memory usage. Loaded Objects now: 2005.
Total: 2.195210 ms (FindLiveObjects: 0.208359 ms CreateObjectMapping: 0.033928 ms MarkObjects: 1.893281 ms  DeleteObjects: 0.058738 ms)

========================================================================
Received Prepare
Refreshing native plugins compatible for Editor in 1.11 ms, found 1 plugins.
Preloading 0 native plugins for Editor in 0.00 ms.
Unloading 8 Unused Serialized files (Serialized files now loaded: 0)
System memory in use before: 130.9 MB.
System memory in use after: 130.9 MB.

Unloading 8 unused Assets to reduce memory usage. Loaded Objects now: 2005.
Total: 2.091365 ms (FindLiveObjects: 0.209525 ms CreateObjectMapping: 0.034542 ms MarkObjects: 1.788914 ms  DeleteObjects: 0.056956 ms)

========================================================================
Received Prepare
Refreshing native plugins compatible for Editor in 1.07 ms, found 1 plugins.
Preloading 0 native plugins for Editor in 0.00 ms.
Unloading 8 Unused Serialized files (Serialized files now loaded: 0)
System memory in use before: 131.4 MB.
System memory in use after: 131.5 MB.

Unloading 8 unused Assets to reduce memory usage. Loaded Objects now: 2005.
Total: 2.077437 ms (FindLiveObjects: 0.230081 ms CreateObjectMapping: 0.050705 ms MarkObjects: 1.742539 ms  DeleteObjects: 0.053176 ms)

========================================================================
Received Prepare
Registering precompiled user dll's ...
Registered in 0.000918 seconds.
Begin MonoManager ReloadAssembly
Symbol file LoadedFromMemory doesn't match image /Users/mr13/Desktop/LJP_UNITY/photon2_Dice/Assets/Photon/PhotonLibs/netstandard2.0/Photon3Unity3D.dll
Native extension for OSXStandalone target not found
Refreshing native plugins compatible for Editor in 0.36 ms, found 1 plugins.
Preloading 0 native plugins for Editor in 0.00 ms.
Mono: successfully reloaded assembly
- Completed reload, in  0.898 seconds
Platform modules already initialized, skipping
Refreshing native plugins compatible for Editor in 0.36 ms, found 1 plugins.
Preloading 0 native plugins for Editor in 0.00 ms.
Unloading 1340 Unused Serialized files (Serialized files now loaded: 0)
System memory in use before: 157.8 MB.
System memory in use after: 157.9 MB.

Unloading 10 unused Assets to reduce memory usage. Loaded Objects now: 2009.
Total: 2.227273 ms (FindLiveObjects: 0.215127 ms CreateObjectMapping: 0.031948 ms MarkObjects: 1.924838 ms  DeleteObjects: 0.054442 ms)

========================================================================
Received Prepare
Registering precompiled user dll's ...
Registered in 0.000922 seconds.
Begin MonoManager ReloadAssembly
Symbol file LoadedFromMemory doesn't match image /Users/mr13/Desktop/LJP_UNITY/photon2_Dice/Assets/Photon/PhotonLibs/netstandard2.0/Photon3Unity3D.dll
Native extension for OSXStandalone target not found
Refreshing native plugins compatible for Editor in 0.36 ms, found 1 plugins.
Preloading 0 native plugins for Editor in 0.00 ms.
Mono: successfully reloaded assembly
- Completed reload, in  0.873 seconds
Platform modules already initialized, skipping
Refreshing native plugins compatible for Editor in 0.30 ms, found 1 plugins.
Preloading 0 native plugins for Editor in 0.00 ms.
Unloading 1340 Unused Serialized files (Serialized files now loaded: 0)
System memory in use before: 158.0 MB.
System memory in use after: 158.1 MB.

Unloading 10 unused Assets to reduce memory usage. Loaded Objects now: 2013.
Total: 2.142003 ms (FindLiveObjects: 0.221953 ms CreateObjectMapping: 0.036826 ms MarkObjects: 1.831619 ms  DeleteObjects: 0.050794 ms)

========================================================================
Received Prepare
Refreshing native plugins compatible for Editor in 1.08 ms, found 1 plugins.
Preloading 0 native plugins for Editor in 0.00 ms.
Unloading 8 Unused Serialized files (Serialized files now loaded: 0)
System memory in use before: 131.9 MB.
System memory in use after: 132.0 MB.

Unloading 8 unused Assets to reduce memory usage. Loaded Objects now: 2013.
Total: 2.180087 ms (FindLiveObjects: 0.225296 ms CreateObjectMapping: 0.077561 ms MarkObjects: 1.821660 ms  DeleteObjects: 0.054432 ms)

========================================================================
Received Prepare
Registering precompiled user dll's ...
Registered in 0.001070 seconds.
Begin MonoManager ReloadAssembly
Symbol file LoadedFromMemory doesn't match image /Users/mr13/Desktop/LJP_UNITY/photon2_Dice/Assets/Photon/PhotonLibs/netstandard2.0/Photon3Unity3D.dll
Native extension for OSXStandalone target not found
Refreshing native plugins compatible for Editor in 0.36 ms, found 1 plugins.
Preloading 0 native plugins for Editor in 0.00 ms.
Mono: successfully reloaded assembly
- Completed reload, in  0.927 seconds
Platform modules already initialized, skipping
Refreshing native plugins compatible for Editor in 0.36 ms, found 1 plugins.
Preloading 0 native plugins for Editor in 0.00 ms.
Unloading 1340 Unused Serialized files (Serialized files now loaded: 0)
System memory in use before: 158.4 MB.
System memory in use after: 158.4 MB.

Unloading 10 unused Assets to reduce memory usage. Loaded Objects now: 2017.
Total: 2.212009 ms (FindLiveObjects: 0.219294 ms CreateObjectMapping: 0.049847 ms MarkObjects: 1.881727 ms  DeleteObjects: 0.059985 ms)

========================================================================
Received Prepare
Registering precompiled user dll's ...
Registered in 0.000905 seconds.
Begin MonoManager ReloadAssembly
Symbol file LoadedFromMemory doesn't match image /Users/mr13/Desktop/LJP_UNITY/photon2_Dice/Assets/Photon/PhotonLibs/netstandard2.0/Photon3Unity3D.dll
Native extension for OSXStandalone target not found
Refreshing native plugins compatible for Editor in 0.36 ms, found 1 plugins.
Preloading 0 native plugins for Editor in 0.00 ms.
Mono: successfully reloaded assembly
- Completed reload, in  0.900 seconds
Platform modules already initialized, skipping
Refreshing native plugins compatible for Editor in 0.35 ms, found 1 plugins.
Preloading 0 native plugins for Editor in 0.00 ms.
Unloading 1340 Unused Serialized files (Serialized files now loaded: 0)
System memory in use before: 158.6 MB.
System memory in use after: 158.6 MB.

Unloading 10 unused Assets to reduce memory usage. Loaded Objects now: 2021.
Total: 2.294322 ms (FindLiveObjects: 0.322244 ms CreateObjectMapping: 0.068739 ms MarkObjects: 1.842460 ms  DeleteObjects: 0.060164 ms)

========================================================================
Received Prepare
Registering precompiled user dll's ...
Registered in 0.000932 seconds.
Begin MonoManager ReloadAssembly
Symbol file LoadedFromMemory doesn't match image /Users/mr13/Desktop/LJP_UNITY/photon2_Dice/Assets/Photon/PhotonLibs/netstandard2.0/Photon3Unity3D.dll
Native extension for OSXStandalone target not found
Refreshing native plugins compatible for Editor in 0.37 ms, found 1 plugins.
Preloading 0 native plugins for Editor in 0.00 ms.
Mono: successfully reloaded assembly
- Completed reload, in  0.968 seconds
Platform modules already initialized, skipping
Refreshing native plugins compatible for Editor in 0.37 ms, found 1 plugins.
Preloading 0 native plugins for Editor in 0.00 ms.
Unloading 1340 Unused Serialized files (Serialized files now loaded: 0)
System memory in use before: 158.8 MB.
System memory in use after: 158.9 MB.

Unloading 10 unused Assets to reduce memory usage. Loaded Objects now: 2025.
Total: 2.256191 ms (FindLiveObjects: 0.227295 ms CreateObjectMapping: 0.034736 ms MarkObjects: 1.898914 ms  DeleteObjects: 0.093789 ms)

========================================================================
Received Prepare
Refreshing native plugins compatible for Editor in 1.10 ms, found 1 plugins.
Preloading 0 native plugins for Editor in 0.00 ms.
Unloading 8 Unused Serialized files (Serialized files now loaded: 0)
System memory in use before: 132.6 MB.
System memory in use after: 132.7 MB.

Unloading 8 unused Assets to reduce memory usage. Loaded Objects now: 2025.
Total: 2.433969 ms (FindLiveObjects: 0.256377 ms CreateObjectMapping: 0.076109 ms MarkObjects: 2.040705 ms  DeleteObjects: 0.059865 ms)

========================================================================
Received Prepare
Registering precompiled user dll's ...
Registered in 0.000994 seconds.
Begin MonoManager ReloadAssembly
Symbol file LoadedFromMemory doesn't match image /Users/mr13/Desktop/LJP_UNITY/photon2_Dice/Assets/Photon/PhotonLibs/netstandard2.0/Photon3Unity3D.dll
Native extension for OSXStandalone target not found
Refreshing native plugins compatible for Editor in 0.37 ms, found 1 plugins.
Preloading 0 native plugins for Editor in 0.00 ms.
Mono: successfully reloaded assembly
- Completed reload, in  0.915 seconds
Platform modules already initialized, skipping
Refreshing native plugins compatible for Editor in 0.36 ms, found 1 plugins.
Preloading 0 native plugins for Editor in 0.00 ms.
Unloading 1340 Unused Serialized files (Serialized files now loaded: 0)
System memory in use before: 159.1 MB.
System memory in use after: 159.1 MB.

Unloading 10 unused Assets to reduce memory usage. Loaded Objects now: 2029.
Total: 2.246678 ms (FindLiveObjects: 0.225085 ms CreateObjectMapping: 0.033464 ms MarkObjects: 1.926476 ms  DeleteObjects: 0.060681 ms)

========================================================================
Received Prepare
Registering precompiled user dll's ...
Registered in 0.000984 seconds.
Begin MonoManager ReloadAssembly
Symbol file LoadedFromMemory doesn't match image /Users/mr13/Desktop/LJP_UNITY/photon2_Dice/Assets/Photon/PhotonLibs/netstandard2.0/Photon3Unity3D.dll
Native extension for OSXStandalone target not found
Refreshing native plugins compatible for Editor in 0.36 ms, found 1 plugins.
Preloading 0 native plugins for Editor in 0.00 ms.
Mono: successfully reloaded assembly
- Completed reload, in  0.921 seconds
Platform modules already initialized, skipping
Refreshing native plugins compatible for Editor in 0.55 ms, found 1 plugins.
Preloading 0 native plugins for Editor in 0.00 ms.
Unloading 1340 Unused Serialized files (Serialized files now loaded: 0)
System memory in use before: 159.2 MB.
System memory in use after: 159.3 MB.

Unloading 10 unused Assets to reduce memory usage. Loaded Objects now: 2033.
Total: 2.141961 ms (FindLiveObjects: 0.219868 ms CreateObjectMapping: 0.035454 ms MarkObjects: 1.823962 ms  DeleteObjects: 0.061864 ms)

========================================================================
Received Prepare
Registering precompiled user dll's ...
Registered in 0.001007 seconds.
Begin MonoManager ReloadAssembly
Symbol file LoadedFromMemory doesn't match image /Users/mr13/Desktop/LJP_UNITY/photon2_Dice/Assets/Photon/PhotonLibs/netstandard2.0/Photon3Unity3D.dll
Native extension for OSXStandalone target not found
Refreshing native plugins compatible for Editor in 0.36 ms, found 1 plugins.
Preloading 0 native plugins for Editor in 0.00 ms.
Mono: successfully reloaded assembly
- Completed reload, in  0.913 seconds
Platform modules already initialized, skipping
Refreshing native plugins compatible for Editor in 0.35 ms, found 1 plugins.
Preloading 0 native plugins for Editor in 0.00 ms.
Unloading 1340 Unused Serialized files (Serialized files now loaded: 0)
System memory in use before: 159.4 MB.
System memory in use after: 159.5 MB.

Unloading 10 unused Assets to reduce memory usage. Loaded Objects now: 2037.
Total: 2.300292 ms (FindLiveObjects: 0.209993 ms CreateObjectMapping: 0.040449 ms MarkObjects: 1.994306 ms  DeleteObjects: 0.054604 ms)

========================================================================
Received Prepare
Registering precompiled user dll's ...
Registered in 0.000935 seconds.
Begin MonoManager ReloadAssembly
Symbol file LoadedFromMemory doesn't match image /Users/mr13/Desktop/LJP_UNITY/photon2_Dice/Assets/Photon/PhotonLibs/netstandard2.0/Photon3Unity3D.dll
Native extension for OSXStandalone target not found
Refreshing native plugins compatible for Editor in 0.36 ms, found 1 plugins.
Preloading 0 native plugins for Editor in 0.00 ms.
Mono: successfully reloaded assembly
- Completed reload, in  0.929 seconds
Platform modules already initialized, skipping
Refreshing native plugins compatible for Editor in 0.36 ms, found 1 plugins.
Preloading 0 native plugins for Editor in 0.00 ms.
Unloading 1340 Unused Serialized files (Serialized files now loaded: 0)
System memory in use before: 159.6 MB.
System memory in use after: 159.7 MB.

Unloading 10 unused Assets to reduce memory usage. Loaded Objects now: 2041.
Total: 2.429394 ms (FindLiveObjects: 0.229126 ms CreateObjectMapping: 0.035668 ms MarkObjects: 2.099443 ms  DeleteObjects: 0.064103 ms)

========================================================================
Received Prepare
Refreshing native plugins compatible for Editor in 1.15 ms, found 1 plugins.
Preloading 0 native plugins for Editor in 0.00 ms.
Unloading 8 Unused Serialized files (Serialized files now loaded: 0)
System memory in use before: 133.5 MB.
System memory in use after: 133.6 MB.

Unloading 8 unused Assets to reduce memory usage. Loaded Objects now: 2041.
Total: 2.166269 ms (FindLiveObjects: 0.231538 ms CreateObjectMapping: 0.062393 ms MarkObjects: 1.817514 ms  DeleteObjects: 0.054066 ms)

========================================================================
Received Prepare
Registering precompiled user dll's ...
Registered in 0.000959 seconds.
Begin MonoManager ReloadAssembly
Symbol file LoadedFromMemory doesn't match image /Users/mr13/Desktop/LJP_UNITY/photon2_Dice/Assets/Photon/PhotonLibs/netstandard2.0/Photon3Unity3D.dll
Native extension for OSXStandalone target not found
Refreshing native plugins compatible for Editor in 0.37 ms, found 1 plugins.
Preloading 0 native plugins for Editor in 0.00 ms.
Mono: successfully reloaded assembly
- Completed reload, in  0.941 seconds
Platform modules already initialized, skipping
Refreshing native plugins compatible for Editor in 0.35 ms, found 1 plugins.
Preloading 0 native plugins for Editor in 0.00 ms.
Unloading 1340 Unused Serialized files (Serialized files now loaded: 0)
System memory in use before: 160.0 MB.
System memory in use after: 160.0 MB.

Unloading 10 unused Assets to reduce memory usage. Loaded Objects now: 2045.
Total: 2.149724 ms (FindLiveObjects: 0.216394 ms CreateObjectMapping: 0.038057 ms MarkObjects: 1.839941 ms  DeleteObjects: 0.054277 ms)

========================================================================
Received Prepare
Registering precompiled user dll's ...
Registered in 0.000954 seconds.
Begin MonoManager ReloadAssembly
Symbol file LoadedFromMemory doesn't match image /Users/mr13/Desktop/LJP_UNITY/photon2_Dice/Assets/Photon/PhotonLibs/netstandard2.0/Photon3Unity3D.dll
Native extension for OSXStandalone target not found
Refreshing native plugins compatible for Editor in 0.36 ms, found 1 plugins.
Preloading 0 native plugins for Editor in 0.00 ms.
Mono: successfully reloaded assembly
- Completed reload, in  0.870 seconds
Platform modules already initialized, skipping
Refreshing native plugins compatible for Editor in 0.32 ms, found 1 plugins.
Preloading 0 native plugins for Editor in 0.00 ms.
Unloading 1340 Unused Serialized files (Serialized files now loaded: 0)
System memory in use before: 160.1 MB.
System memory in use after: 160.2 MB.

Unloading 10 unused Assets to reduce memory usage. Loaded Objects now: 2049.
Total: 2.218594 ms (FindLiveObjects: 0.223869 ms CreateObjectMapping: 0.062427 ms MarkObjects: 1.876838 ms  DeleteObjects: 0.054599 ms)

========================================================================
Received Prepare
Registering precompiled user dll's ...
Registered in 0.000909 seconds.
Begin MonoManager ReloadAssembly
Symbol file LoadedFromMemory doesn't match image /Users/mr13/Desktop/LJP_UNITY/photon2_Dice/Assets/Photon/PhotonLibs/netstandard2.0/Photon3Unity3D.dll
Native extension for OSXStandalone target not found
Refreshing native plugins compatible for Editor in 0.36 ms, found 1 plugins.
Preloading 0 native plugins for Editor in 0.00 ms.
Mono: successfully reloaded assembly
- Completed reload, in  0.890 seconds
Platform modules already initialized, skipping
Refreshing native plugins compatible for Editor in 0.42 ms, found 1 plugins.
Preloading 0 native plugins for Editor in 0.00 ms.
Unloading 1340 Unused Serialized files (Serialized files now loaded: 0)
System memory in use before: 160.3 MB.
System memory in use after: 160.4 MB.

Unloading 10 unused Assets to reduce memory usage. Loaded Objects now: 2053.
Total: 2.193418 ms (FindLiveObjects: 0.217665 ms CreateObjectMapping: 0.045867 ms MarkObjects: 1.870310 ms  DeleteObjects: 0.058482 ms)

========================================================================
Received Prepare
Registering precompiled user dll's ...
Registered in 0.000971 seconds.
Begin MonoManager ReloadAssembly
Symbol file LoadedFromMemory doesn't match image /Users/mr13/Desktop/LJP_UNITY/photon2_Dice/Assets/Photon/PhotonLibs/netstandard2.0/Photon3Unity3D.dll
Native extension for OSXStandalone target not found
Refreshing native plugins compatible for Editor in 0.37 ms, found 1 plugins.
Preloading 0 native plugins for Editor in 0.00 ms.
Mono: successfully reloaded assembly
- Completed reload, in  0.935 seconds
Platform modules already initialized, skipping
Refreshing native plugins compatible for Editor in 0.36 ms, found 1 plugins.
Preloading 0 native plugins for Editor in 0.00 ms.
Unloading 1340 Unused Serialized files (Serialized files now loaded: 0)
System memory in use before: 160.6 MB.
System memory in use after: 160.7 MB.

Unloading 10 unused Assets to reduce memory usage. Loaded Objects now: 2057.
Total: 2.247131 ms (FindLiveObjects: 0.233748 ms CreateObjectMapping: 0.063207 ms MarkObjects: 1.884754 ms  DeleteObjects: 0.064055 ms)

========================================================================
Received Prepare
Refreshing native plugins compatible for Editor in 1.18 ms, found 1 plugins.
Preloading 0 native plugins for Editor in 0.00 ms.
Unloading 8 Unused Serialized files (Serialized files now loaded: 0)
System memory in use before: 134.4 MB.
System memory in use after: 134.5 MB.

Unloading 8 unused Assets to reduce memory usage. Loaded Objects now: 2057.
Total: 2.084736 ms (FindLiveObjects: 0.217827 ms CreateObjectMapping: 0.035174 ms MarkObjects: 1.773035 ms  DeleteObjects: 0.057683 ms)

========================================================================
Received Prepare
Registering precompiled user dll's ...
Registered in 0.000943 seconds.
Begin MonoManager ReloadAssembly
Symbol file LoadedFromMemory doesn't match image /Users/mr13/Desktop/LJP_UNITY/photon2_Dice/Assets/Photon/PhotonLibs/netstandard2.0/Photon3Unity3D.dll
Native extension for OSXStandalone target not found
Refreshing native plugins compatible for Editor in 0.38 ms, found 1 plugins.
Preloading 0 native plugins for Editor in 0.00 ms.
Mono: successfully reloaded assembly
- Completed reload, in  0.945 seconds
Platform modules already initialized, skipping
Refreshing native plugins compatible for Editor in 0.36 ms, found 1 plugins.
Preloading 0 native plugins for Editor in 0.00 ms.
Unloading 1340 Unused Serialized files (Serialized files now loaded: 0)
System memory in use before: 160.8 MB.
System memory in use after: 160.9 MB.

Unloading 10 unused Assets to reduce memory usage. Loaded Objects now: 2061.
Total: 2.761765 ms (FindLiveObjects: 0.289625 ms CreateObjectMapping: 0.075935 ms MarkObjects: 2.329894 ms  DeleteObjects: 0.065010 ms)

========================================================================
Received Prepare
Refreshing native plugins compatible for Editor in 1.11 ms, found 1 plugins.
Preloading 0 native plugins for Editor in 0.00 ms.
Unloading 8 Unused Serialized files (Serialized files now loaded: 0)
System memory in use before: 134.7 MB.
System memory in use after: 134.8 MB.

Unloading 8 unused Assets to reduce memory usage. Loaded Objects now: 2061.
Total: 2.334098 ms (FindLiveObjects: 0.245479 ms CreateObjectMapping: 0.064467 ms MarkObjects: 1.966565 ms  DeleteObjects: 0.056405 ms)

========================================================================
Received Prepare
Registering precompiled user dll's ...
Registered in 0.000980 seconds.
Begin MonoManager ReloadAssembly
Symbol file LoadedFromMemory doesn't match image /Users/mr13/Desktop/LJP_UNITY/photon2_Dice/Assets/Photon/PhotonLibs/netstandard2.0/Photon3Unity3D.dll
Native extension for OSXStandalone target not found
Refreshing native plugins compatible for Editor in 0.46 ms, found 1 plugins.
Preloading 0 native plugins for Editor in 0.00 ms.
Mono: successfully reloaded assembly
- Completed reload, in  0.932 seconds
Platform modules already initialized, skipping
Refreshing native plugins compatible for Editor in 0.46 ms, found 1 plugins.
Preloading 0 native plugins for Editor in 0.00 ms.
Unloading 1340 Unused Serialized files (Serialized files now loaded: 0)
System memory in use before: 161.1 MB.
System memory in use after: 161.2 MB.

Unloading 10 unused Assets to reduce memory usage. Loaded Objects now: 2065.
Total: 2.289189 ms (FindLiveObjects: 0.229728 ms CreateObjectMapping: 0.055666 ms MarkObjects: 1.948956 ms  DeleteObjects: 0.053918 ms)

========================================================================
Received Prepare
Refreshing native plugins compatible for Editor in 1.06 ms, found 1 plugins.
Preloading 0 native plugins for Editor in 0.00 ms.
Unloading 8 Unused Serialized files (Serialized files now loaded: 0)
System memory in use before: 135.0 MB.
System memory in use after: 135.1 MB.

Unloading 8 unused Assets to reduce memory usage. Loaded Objects now: 2065.
Total: 2.282001 ms (FindLiveObjects: 0.230403 ms CreateObjectMapping: 0.057016 ms MarkObjects: 1.934371 ms  DeleteObjects: 0.058729 ms)

========================================================================
Received Prepare
Registering precompiled user dll's ...
Registered in 0.000959 seconds.
Begin MonoManager ReloadAssembly
Symbol file LoadedFromMemory doesn't match image /Users/mr13/Desktop/LJP_UNITY/photon2_Dice/Assets/Photon/PhotonLibs/netstandard2.0/Photon3Unity3D.dll
Native extension for OSXStandalone target not found
Refreshing native plugins compatible for Editor in 0.36 ms, found 1 plugins.
Preloading 0 native plugins for Editor in 0.00 ms.
Mono: successfully reloaded assembly
- Completed reload, in  0.933 seconds
Platform modules already initialized, skipping
Refreshing native plugins compatible for Editor in 0.47 ms, found 1 plugins.
Preloading 0 native plugins for Editor in 0.00 ms.
Unloading 1340 Unused Serialized files (Serialized files now loaded: 0)
System memory in use before: 161.5 MB.
System memory in use after: 161.6 MB.

Unloading 10 unused Assets to reduce memory usage. Loaded Objects now: 2069.
Total: 2.205811 ms (FindLiveObjects: 0.225361 ms CreateObjectMapping: 0.043239 ms MarkObjects: 1.858139 ms  DeleteObjects: 0.078208 ms)

========================================================================
Received Prepare
Registering precompiled user dll's ...
Registered in 0.000900 seconds.
Begin MonoManager ReloadAssembly
Symbol file LoadedFromMemory doesn't match image /Users/mr13/Desktop/LJP_UNITY/photon2_Dice/Assets/Photon/PhotonLibs/netstandard2.0/Photon3Unity3D.dll
Native extension for OSXStandalone target not found
Refreshing native plugins compatible for Editor in 0.35 ms, found 1 plugins.
Preloading 0 native plugins for Editor in 0.00 ms.
Mono: successfully reloaded assembly
- Completed reload, in  0.923 seconds
Platform modules already initialized, skipping
Refreshing native plugins compatible for Editor in 0.39 ms, found 1 plugins.
Preloading 0 native plugins for Editor in 0.00 ms.
Unloading 1340 Unused Serialized files (Serialized files now loaded: 0)
System memory in use before: 161.7 MB.
System memory in use after: 161.7 MB.

Unloading 10 unused Assets to reduce memory usage. Loaded Objects now: 2073.
Total: 2.480181 ms (FindLiveObjects: 0.256841 ms CreateObjectMapping: 0.039695 ms MarkObjects: 2.110784 ms  DeleteObjects: 0.071608 ms)

AssetImportWorkerClient::OnTransportError - code=2 error=End of file
